<?xml version="1.0" encoding="UTF-8"?>
<testsuites>
    <testsuite name="jest tests" tests="2" failures="1" errors="0" skipped="0" timestamp="2023-10-01T12:00:00" time="0.67">
         <testsuite classname="src/App.test.js" name="testMethod2" time="0.002"> 
         <testcase classname="-renders learn jenkins links " name="-renders learn jenkins links" time="0.027"/>
            <failure message="expected:<true> but was:<false>">AssertionError</failure>
        </testcase>
    </testsuite>
</testsuites>